<?xml version="1.0" encoding="UTF-8"?>
<!-- Generated by org.testng.reporters.JUnitReportReporter -->
<testsuite hostname="IW" failures="0" tests="1" name="com.cng.testscript.Report" time="28.700" errors="0" timestamp="2025-06-05T10:35:10 IST" skipped="0">
  <testcase classname="com.cng.testscript.Report" name="reports" time="28.700"/>
  <system-out>
    <![CDATA[openBrowser
login
logout
login
logout
closeBrowser]]>
  </system-out>
</testsuite> <!-- com.cng.testscript.Report -->
