<?xml version="1.0" encoding="UTF-8"?>
<!-- Generated by org.testng.reporters.JUnitReportReporter -->
<testsuite hostname="IW" failures="0" tests="17" name="com.cng.testscript.TestScript" time="14.953" errors="0" timestamp="2025-07-02T16:08:16 IST" skipped="16">
  <testcase classname="com.cng.testscript.TestScript" name="reports" time="14.953"/>
  <testcase classname="com.cng.testscript.TestScript" name="testUserSessionPage">
    <skipped/>
  </testcase> <!-- testUserSessionPage -->
  <testcase classname="com.cng.testscript.TestScript" name="testEditUserDetails">
    <skipped/>
  </testcase> <!-- testEditUserDetails -->
  <testcase classname="com.cng.testscript.TestScript" name="testUserPasswordReset">
    <skipped/>
  </testcase> <!-- testUserPasswordReset -->
  <testcase classname="com.cng.testscript.TestScript" name="outletStatus">
    <skipped/>
  </testcase> <!-- outletStatus -->
  <testcase classname="com.cng.testscript.TestScript" name="exportData">
    <skipped/>
  </testcase> <!-- exportData -->
  <testcase classname="com.cng.testscript.TestScript" name="testDeleteUser">
    <skipped/>
  </testcase> <!-- testDeleteUser -->
  <testcase classname="com.cng.testscript.TestScript" name="testCustomerConfigPage">
    <skipped/>
  </testcase> <!-- testCustomerConfigPage -->
  <testcase classname="com.cng.testscript.TestScript" name="cameraStatus">
    <skipped/>
  </testcase> <!-- cameraStatus -->
  <testcase classname="com.cng.testscript.TestScript" name="testAddUsersPage">
    <skipped/>
  </testcase> <!-- testAddUsersPage -->
  <testcase classname="com.cng.testscript.TestScript" name="dummy">
    <skipped/>
  </testcase> <!-- dummy -->
  <testcase classname="com.cng.testscript.TestScript" name="testCustomerPage">
    <skipped/>
  </testcase> <!-- testCustomerPage -->
  <testcase classname="com.cng.testscript.TestScript" name="testDatasetManagmentPage">
    <skipped/>
  </testcase> <!-- testDatasetManagmentPage -->
  <testcase classname="com.cng.testscript.TestScript" name="testSitePage">
    <skipped/>
  </testcase> <!-- testSitePage -->
  <testcase classname="com.cng.testscript.TestScript" name="testAssertManagmentPage">
    <skipped/>
  </testcase> <!-- testAssertManagmentPage -->
  <testcase classname="com.cng.testscript.TestScript" name="usecaseList">
    <skipped/>
  </testcase> <!-- usecaseList -->
  <testcase classname="com.cng.testscript.TestScript" name="testUserDetails">
    <skipped/>
  </testcase> <!-- testUserDetails -->
  <system-out>
    <![CDATA[openBrowser
login
logout
closeBrowser]]>
  </system-out>
</testsuite> <!-- com.cng.testscript.TestScript -->
