<?xml version="1.0" encoding="UTF-8"?>
<!-- Generated by org.testng.reporters.JUnitReportReporter -->
<testsuite hostname="IW" failures="0" tests="1" name="NewTest" time="0.101" errors="0" timestamp="2025-06-16T16:59:26 IST" skipped="0">
  <testcase classname="NewTest" name="f" time="0.101"/>
</testsuite> <!-- NewTest -->
