<?xml version="1.0" encoding="UTF-8"?>
<!-- Generated by org.testng.reporters.JUnitReportReporter -->
<testsuite hostname="IW" failures="0" tests="11" name="com.cng.testscript.TestScript" time="49.308" errors="0" timestamp="2025-06-26T17:52:08 IST" skipped="10">
  <testcase classname="com.cng.testscript.TestScript" name="testCustomerPage" time="49.308"/>
  <testcase classname="com.cng.testscript.TestScript" name="testUserDetails">
    <skipped/>
  </testcase> <!-- testUserDetails -->
  <testcase classname="com.cng.testscript.TestScript" name="testCustomerConfigPage">
    <skipped/>
  </testcase> <!-- testCustomerConfigPage -->
  <testcase classname="com.cng.testscript.TestScript" name="testUserSessionPage">
    <skipped/>
  </testcase> <!-- testUserSessionPage -->
  <testcase classname="com.cng.testscript.TestScript" name="testDeleteUser">
    <skipped/>
  </testcase> <!-- testDeleteUser -->
  <testcase classname="com.cng.testscript.TestScript" name="testAssertManagmentPage">
    <skipped/>
  </testcase> <!-- testAssertManagmentPage -->
  <testcase classname="com.cng.testscript.TestScript" name="testSitePage">
    <skipped/>
  </testcase> <!-- testSitePage -->
  <testcase classname="com.cng.testscript.TestScript" name="testDatasetManagmentPage">
    <skipped/>
  </testcase> <!-- testDatasetManagmentPage -->
  <testcase classname="com.cng.testscript.TestScript" name="testUserPasswordReset">
    <skipped/>
  </testcase> <!-- testUserPasswordReset -->
  <testcase classname="com.cng.testscript.TestScript" name="testAddUsersPage">
    <skipped/>
  </testcase> <!-- testAddUsersPage -->
  <testcase classname="com.cng.testscript.TestScript" name="testEditUserDetails">
    <skipped/>
  </testcase> <!-- testEditUserDetails -->
  <system-out>
    <![CDATA[openBrowser
login
logout
closeBrowser]]>
  </system-out>
</testsuite> <!-- com.cng.testscript.TestScript -->
