<?xml version="1.0" encoding="UTF-8"?>
<!-- Generated by org.testng.reporters.JUnitReportReporter -->
<testsuite hostname="IW" failures="0" tests="5" name="com.cng.testscript.ConsolidateDashboard" time="17.812" errors="0" timestamp="2025-06-30T13:18:43 IST" skipped="4">
  <testcase classname="com.cng.testscript.ConsolidateDashboard" name="dummy" time="17.812"/>
  <testcase classname="com.cng.testscript.ConsolidateDashboard" name="usecaseList">
    <skipped/>
  </testcase> <!-- usecaseList -->
  <testcase classname="com.cng.testscript.ConsolidateDashboard" name="outletStatus">
    <skipped/>
  </testcase> <!-- outletStatus -->
  <testcase classname="com.cng.testscript.ConsolidateDashboard" name="cameraStatus">
    <skipped/>
  </testcase> <!-- cameraStatus -->
  <testcase classname="com.cng.testscript.ConsolidateDashboard" name="exportData">
    <skipped/>
  </testcase> <!-- exportData -->
  <system-out>
    <![CDATA[openBrowser
login
logout
login
logout
login
logout
login
logout
closeBrowser]]>
  </system-out>
</testsuite> <!-- com.cng.testscript.ConsolidateDashboard -->
