<?xml version="1.0" encoding="UTF-8"?>
<!-- Generated by org.testng.reporters.JUnitReportReporter -->
<testsuite hostname="IW" failures="0" tests="6" name="com.cng.testscript.Users" time="37.278" errors="0" timestamp="2025-06-30T13:26:33 IST" skipped="5">
  <testcase classname="com.cng.testscript.Users" name="testDuplicateData" time="37.278"/>
  <testcase classname="com.cng.testscript.Users" name="testDeleteUser">
    <skipped/>
  </testcase> <!-- testDeleteUser -->
  <testcase classname="com.cng.testscript.Users" name="testEditUserDetails">
    <skipped/>
  </testcase> <!-- testEditUserDetails -->
  <testcase classname="com.cng.testscript.Users" name="testAddUsersPage">
    <skipped/>
  </testcase> <!-- testAddUsersPage -->
  <testcase classname="com.cng.testscript.Users" name="testUserDetails">
    <skipped/>
  </testcase> <!-- testUserDetails -->
  <testcase classname="com.cng.testscript.Users" name="testUserPasswordReset">
    <skipped/>
  </testcase> <!-- testUserPasswordReset -->
  <system-out>
    <![CDATA[openBrowser
login
logout
closeBrowser]]>
  </system-out>
</testsuite> <!-- com.cng.testscript.Users -->
