<?xml version="1.0" encoding="UTF-8"?>
<!-- Generated by org.testng.reporters.JUnitReportReporter -->
<testsuite hostname="IW" failures="0" tests="17" name="com.cng.testscript.TestScript" time="141.378" errors="0" timestamp="2025-07-28T11:35:28 IST" skipped="4">
  <testcase classname="com.cng.testscript.TestScript" name="checckBrokenImages" time="4.260"/>
  <testcase classname="com.cng.testscript.TestScript" name="outletStatus" time="12.220">
    <system-out>
      <![CDATA[OutletList]]>
    </system-out>
  </testcase> <!-- outletStatus -->
  <testcase classname="com.cng.testscript.TestScript" name="cameraStatus" time="10.030">
    <system-out>
      <![CDATA[CheckCamerList]]>
    </system-out>
  </testcase> <!-- cameraStatus -->
  <testcase classname="com.cng.testscript.TestScript" name="exportData" time="1.386"/>
  <testcase classname="com.cng.testscript.TestScript" name="usecaseList" time="1.150"/>
  <testcase classname="com.cng.testscript.TestScript" name="testCustomerPage" time="44.746"/>
  <testcase classname="com.cng.testscript.TestScript" name="testSitePage" time="12.032"/>
  <testcase classname="com.cng.testscript.TestScript" name="testReportsPage" time="10.794"/>
  <testcase classname="com.cng.testscript.TestScript" name="testUserSessionPage" time="12.007"/>
  <testcase classname="com.cng.testscript.TestScript" name="testAddUsersPage" time="25.252"/>
  <testcase classname="com.cng.testscript.TestScript" name="testAssertManagmentPage" time="2.923"/>
  <testcase classname="com.cng.testscript.TestScript" name="testCustomerConfigPage" time="0.103"/>
  <testcase classname="com.cng.testscript.TestScript" name="testDatasetManagmentPage" time="4.475"/>
  <testcase classname="com.cng.testscript.TestScript" name="testUserDetails">
    <skipped/>
  </testcase> <!-- testUserDetails -->
  <testcase classname="com.cng.testscript.TestScript" name="testDeleteUser">
    <skipped/>
  </testcase> <!-- testDeleteUser -->
  <testcase classname="com.cng.testscript.TestScript" name="testEditUserDetails">
    <skipped/>
  </testcase> <!-- testEditUserDetails -->
  <testcase classname="com.cng.testscript.TestScript" name="testUserPasswordReset">
    <skipped/>
  </testcase> <!-- testUserPasswordReset -->
  <system-out>
    <![CDATA[openBrowser
login
OutletList
CheckCamerList]]>
  </system-out>
</testsuite> <!-- com.cng.testscript.TestScript -->
