<?xml version="1.0" encoding="UTF-8"?>
<!-- Generated by org.testng.reporters.JUnitReportReporter -->
<testsuite hostname="IW" failures="0" tests="17" name="com.cng.testscript.TestScript" time="165.279" errors="0" timestamp="2025-07-02T13:03:26 IST" skipped="8">
  <testcase classname="com.cng.testscript.TestScript" name="testUserSessionPage" time="9.412"/>
  <testcase classname="com.cng.testscript.TestScript" name="usecaseList" time="50.047"/>
  <testcase classname="com.cng.testscript.TestScript" name="exportData" time="1.511"/>
  <testcase classname="com.cng.testscript.TestScript" name="dummy" time="5.036"/>
  <testcase classname="com.cng.testscript.TestScript" name="testSitePage" time="13.296"/>
  <testcase classname="com.cng.testscript.TestScript" name="testCustomerPage" time="34.575"/>
  <testcase classname="com.cng.testscript.TestScript" name="reports" time="11.015"/>
  <testcase classname="com.cng.testscript.TestScript" name="outletStatus" time="20.105"/>
  <testcase classname="com.cng.testscript.TestScript" name="cameraStatus" time="20.282"/>
  <testcase classname="com.cng.testscript.TestScript" name="testAssertManagmentPage">
    <skipped/>
  </testcase> <!-- testAssertManagmentPage -->
  <testcase classname="com.cng.testscript.TestScript" name="testUserDetails">
    <skipped/>
  </testcase> <!-- testUserDetails -->
  <testcase classname="com.cng.testscript.TestScript" name="testAddUsersPage">
    <skipped/>
  </testcase> <!-- testAddUsersPage -->
  <testcase classname="com.cng.testscript.TestScript" name="testEditUserDetails">
    <skipped/>
  </testcase> <!-- testEditUserDetails -->
  <testcase classname="com.cng.testscript.TestScript" name="testUserPasswordReset">
    <skipped/>
  </testcase> <!-- testUserPasswordReset -->
  <testcase classname="com.cng.testscript.TestScript" name="testDatasetManagmentPage">
    <skipped/>
  </testcase> <!-- testDatasetManagmentPage -->
  <testcase classname="com.cng.testscript.TestScript" name="testCustomerConfigPage">
    <skipped/>
  </testcase> <!-- testCustomerConfigPage -->
  <testcase classname="com.cng.testscript.TestScript" name="testDeleteUser">
    <skipped/>
  </testcase> <!-- testDeleteUser -->
  <system-out>
    <![CDATA[openBrowser
login
logout
closeBrowser]]>
  </system-out>
</testsuite> <!-- com.cng.testscript.TestScript -->
