<?xml version="1.0" encoding="UTF-8"?>
<!-- Generated by org.testng.reporters.JUnitReportReporter -->
<testsuite hostname="IW" failures="0" tests="1" name="NewTest" time="0.039" errors="0" timestamp="2025-06-26T15:44:38 IST" skipped="0">
  <testcase classname="NewTest" name="f" time="0.039"/>
</testsuite> <!-- NewTest -->
